<?xml version="1.0" encoding="UTF-8"?>
<!-- Generated by org.testng.reporters.JUnitReportReporter -->
<testsuite hostname="L-000852" name="test.login.TNGAnnotations" tests="1" failures="0" timestamp="10 Aug 2016 10:04:11 GMT" time="3.736" errors="0">
  <testcase name="f" time="3.736" classname="test.login.TNGAnnotations"/>
</testsuite> <!-- test.login.TNGAnnotations -->
