<?xml version="1.0" encoding="UTF-8"?>
<!-- Generated by org.testng.reporters.JUnitReportReporter -->
<testsuite hostname="L-000852" name="test.login.WrongUser" tests="1" failures="0" timestamp="15 Aug 2016 07:53:38 GMT" time="7.574" errors="0">
  <testcase name="f" time="7.574" classname="test.login.WrongUser"/>
</testsuite> <!-- test.login.WrongUser -->
