<?xml version="1.0" encoding="UTF-8"?>
<!-- Generated by org.testng.reporters.JUnitReportReporter -->
<testsuite hostname="L-000852" name="test.Ana" tests="1" failures="0" timestamp="5 Aug 2016 13:57:35 GMT" time="6.184" errors="0">
  <testcase name="f" time="6.184" classname="test.Ana"/>
</testsuite> <!-- test.Ana -->
