<?xml version="1.0" encoding="UTF-8"?>
<!-- Generated by org.testng.reporters.JUnitReportReporter -->
<testsuite hostname="L-000852" name="test.cdd.CheckBoxFunctionality" tests="1" failures="0" timestamp="11 Aug 2016 19:44:53 GMT" time="31.951" errors="0">
  <testcase name="f" time="31.951" classname="test.cdd.CheckBoxFunctionality"/>
</testsuite> <!-- test.cdd.CheckBoxFunctionality -->
