<?xml version="1.0" encoding="UTF-8"?>
<!-- Generated by org.testng.reporters.JUnitReportReporter -->
<testsuite hostname="L-000852" name="test.endavaUniversity.TestEndavaUniversity" tests="1" failures="0" timestamp="9 Aug 2016 18:59:29 GMT" time="3.107" errors="0">
  <testcase name="f" time="3.107" classname="test.endavaUniversity.TestEndavaUniversity"/>
</testsuite> <!-- test.endavaUniversity.TestEndavaUniversity -->
