<?xml version="1.0" encoding="UTF-8"?>
<!-- Generated by org.testng.reporters.JUnitReportReporter -->
<testsuite hostname="L-000852" name="test.account.TestAccount" tests="2" failures="0" timestamp="9 Aug 2016 19:41:30 GMT" time="0.497" errors="0">
  <testcase name="f" time="0.079" classname="test.account.TestAccount"/>
  <testcase name="f1" time="0.418" classname="test.account.TestAccount"/>
</testsuite> <!-- test.account.TestAccount -->
