<?xml version="1.0" encoding="UTF-8"?>
<!-- Generated by org.testng.reporters.JUnitReportReporter -->
<testsuite hostname="L-000852" name="test.login.Login" tests="1" failures="0" timestamp="8 Aug 2016 14:40:51 GMT" time="9.737" errors="0">
  <testcase name="f" time="9.737" classname="test.login.Login"/>
</testsuite> <!-- test.login.Login -->
