<?xml version="1.0" encoding="UTF-8"?>
<!-- Generated by org.testng.reporters.JUnitReportReporter -->
<testsuite hostname="L-000852" name="test.cdd.CheckBoxFunctionality" tests="1" failures="0" timestamp="8 Aug 2016 15:58:32 GMT" time="53.324" errors="0">
  <testcase name="f" time="53.324" classname="test.cdd.CheckBoxFunctionality"/>
</testsuite> <!-- test.cdd.CheckBoxFunctionality -->
