<?xml version="1.0" encoding="UTF-8"?>
<!-- Generated by org.testng.reporters.JUnitReportReporter -->
<testsuite hostname="L-000852" name="test.KP" tests="1" failures="0" timestamp="8 Aug 2016 12:58:30 GMT" time="7.094" errors="0">
  <testcase name="f" time="7.094" classname="test.KP"/>
</testsuite> <!-- test.KP -->
