<?xml version="1.0" encoding="UTF-8"?>
<!-- Generated by org.testng.reporters.JUnitReportReporter -->
<testsuite hostname="L-000852" name="test1.NewTest" tests="1" failures="0" timestamp="5 Aug 2016 10:43:55 GMT" time="12.851" errors="0">
  <testcase name="f" time="12.851" classname="test1.NewTest"/>
</testsuite> <!-- test1.NewTest -->
