<?xml version="1.0" encoding="UTF-8"?>
<!-- Generated by org.testng.reporters.JUnitReportReporter -->
<testsuite hostname="L-000852" name="test.login.WrongPassword" tests="1" failures="0" timestamp="9 Aug 2016 08:00:35 GMT" time="3.432" errors="0">
  <testcase name="f" time="3.432" classname="test.login.WrongPassword"/>
</testsuite> <!-- test.login.WrongPassword -->
