<?xml version="1.0" encoding="UTF-8"?>
<!-- Generated by org.testng.reporters.JUnitReportReporter -->
<testsuite hostname="L-000852" name="test.WrongUser" tests="1" failures="0" timestamp="5 Aug 2016 13:27:00 GMT" time="11.421" errors="0">
  <testcase name="f" time="11.421" classname="test.WrongUser"/>
</testsuite> <!-- test.WrongUser -->
