<?xml version="1.0" encoding="UTF-8"?>
<!-- Generated by org.testng.reporters.JUnitReportReporter -->
<testsuite hostname="L-000852" name="test.login.WrongUser" tests="1" failures="0" timestamp="8 Aug 2016 21:00:21 GMT" time="11.216" errors="0">
  <testcase name="f" time="11.216" classname="test.login.WrongUser"/>
</testsuite> <!-- test.login.WrongUser -->
