<?xml version="1.0" encoding="UTF-8"?>
<!-- Generated by org.testng.reporters.JUnitReportReporter -->
<testsuite hostname="L-000852" name="test.login.TNGAnnotations" tests="3" failures="0" timestamp="9 Aug 2016 11:27:08 GMT" time="17.894" errors="0">
  <testcase name="f3" time="8.992" classname="test.login.TNGAnnotations"/>
  <testcase name="f2" time="5.438" classname="test.login.TNGAnnotations"/>
  <testcase name="f" time="3.464" classname="test.login.TNGAnnotations"/>
</testsuite> <!-- test.login.TNGAnnotations -->
