<?xml version="1.0" encoding="UTF-8"?>
<!-- Generated by org.testng.reporters.JUnitReportReporter -->
<testsuite hostname="L-000852" name="test.WrongPassword" tests="1" failures="0" timestamp="5 Aug 2016 13:34:03 GMT" time="10.301" errors="0">
  <testcase name="f" time="10.301" classname="test.WrongPassword"/>
</testsuite> <!-- test.WrongPassword -->
