<?xml version="1.0" encoding="UTF-8"?>
<!-- Generated by org.testng.reporters.JUnitReportReporter -->
<testsuite hostname="L-000852" name="test.cdd.CheckBoxFunctionality" tests="1" failures="0" timestamp="8 Aug 2016 18:33:51 GMT" time="57.507" errors="0">
  <testcase name="f" time="57.507" classname="test.cdd.CheckBoxFunctionality"/>
</testsuite> <!-- test.cdd.CheckBoxFunctionality -->
