<?xml version="1.0" encoding="UTF-8"?>
<!-- Generated by org.testng.reporters.JUnitReportReporter -->
<testsuite hostname="L-000852" name="test.account.TestAccount" tests="2" failures="0" timestamp="15 Aug 2016 07:46:59 GMT" time="0.511" errors="0">
  <testcase name="f" time="0.070" classname="test.account.TestAccount"/>
  <testcase name="f1" time="0.441" classname="test.account.TestAccount"/>
</testsuite> <!-- test.account.TestAccount -->
