<?xml version="1.0" encoding="UTF-8"?>
<!-- Generated by org.testng.reporters.JUnitReportReporter -->
<testsuite hostname="L-000852" name="test.cdd.CheckBoxFunctionality" tests="1" failures="0" timestamp="9 Aug 2016 08:49:16 GMT" time="51.866" errors="0">
  <testcase name="f" time="51.866" classname="test.cdd.CheckBoxFunctionality"/>
</testsuite> <!-- test.cdd.CheckBoxFunctionality -->
