<?xml version="1.0" encoding="UTF-8"?>
<!-- Generated by org.testng.reporters.JUnitReportReporter -->
<testsuite hostname="L-000852" name="test.Login" tests="1" failures="0" timestamp="5 Aug 2016 11:58:50 GMT" time="10.291" errors="0">
  <testcase name="f" time="10.291" classname="test.Login"/>
</testsuite> <!-- test.Login -->
