<?xml version="1.0" encoding="UTF-8"?>
<!-- Generated by org.testng.reporters.JUnitReportReporter -->
<testsuite hostname="L-000852" name="test.Login" tests="1" failures="0" timestamp="8 Aug 2016 13:01:22 GMT" time="9.956" errors="0">
  <testcase name="f" time="9.956" classname="test.Login"/>
</testsuite> <!-- test.Login -->
