<?xml version="1.0" encoding="UTF-8"?>
<!-- Generated by org.testng.reporters.JUnitReportReporter -->
<testsuite hostname="L-000852" name="test.cdd.CheckBoxFunctionality" tests="1" failures="0" timestamp="8 Aug 2016 21:24:54 GMT" time="52.374" errors="0">
  <testcase name="f" time="52.374" classname="test.cdd.CheckBoxFunctionality"/>
</testsuite> <!-- test.cdd.CheckBoxFunctionality -->
