<?xml version="1.0" encoding="UTF-8"?>
<!-- Generated by org.testng.reporters.JUnitReportReporter -->
<testsuite hostname="L-000852" name="test.endavaUniversity.TestEndavaUniversity" tests="1" failures="0" timestamp="15 Aug 2016 07:44:20 GMT" time="3.083" errors="0">
  <testcase name="f" time="3.083" classname="test.endavaUniversity.TestEndavaUniversity"/>
</testsuite> <!-- test.endavaUniversity.TestEndavaUniversity -->
